terui@fermat:~/project/ev3-cgs-qe-ik-2$ neofetch --off
terui@fermat 
------------ 
OS: Ubuntu 20.04.6 LTS x86_64 
Kernel: 5.4.0-131-generic 
CPU: Intel Xeon Silver 4210 (40) @ 3.200GHz 
GPU: NVIDIA Quadro P400 
Memory: 1894MiB / 257602MiB 

terui@fermat:~/project/ev3-cgs-qe-ik-2/src$ fep asir
This is Risa/Asir, full GMP Version 20230315 (Kobe Distribution).
Copyright (C) 1994-2000, all rights reserved, FUJITSU LABORATORIES LIMITED.
Copyright 2000-2021, Risa/Asir committers, http://www.openxm.org/.
GC 7.6.12 copyright 1988-2018, H-J. Boehm, A. J. Demers, Xerox, SGI, HP, I. Maidanski.
Debug windows of ox servers will not be opened. Set Xm_noX=0 to open it.
OpenXM/Risa/Asir-Contrib $Revision$ (20230107), Copyright 2000-2023, OpenXM.org committers
helph(); [html help], ox_help(0); ox_help("keyword"); ox_grep("keyword");
     for help messages (unix version only).
http://www.math.kobe-u.ac.jp/OpenXM/Current/doc/index-doc.html
[2077] load("gen-F1_CGS_real-nosave.rr")$
redeclaration of find_base_data
3e-06sec(2.146e-06sec)
0.05722sec(0.05722sec)
0.03284sec(0.03284sec)
[2353] 